Arguments: 
  C:\Program Files\nodejs\node.exe C:\Users\Rabbit\AppData\Roaming\npm\node_modules\yarn\bin\yarn.js add @tensorflow/tfjs@^0.13

PATH: 
  C:\Program Files (x86)\Common Files\Oracle\Java\javapath;C:\Users\Rabbit\geek\depot_tools\;C:\Windows\system32;C:\Windows;C:\Windows\System32\Wbem;C:\Windows\System32\WindowsPowerShell\v1.0\;C:\Windows\System32\OpenSSH\;C:\Program Files\Intel\WiFi\bin\;C:\Program Files\Common Files\Intel\WirelessCommon\;C:\Program Files (x86)\NVIDIA Corporation\PhysX\Common;C:\Program Files\NVIDIA Corporation\NVIDIA NvDLISR;C:\Windows\system32;C:\Windows;C:\Windows\System32\Wbem;C:\Windows\System32\WindowsPowerShell\v1.0\;C:\Windows\System32\OpenSSH\;C:\Program Files\nodejs\;C:\Program Files\Git\cmd;C:\Program Files (x86)\Intel\Intel(R) Management Engine Components\DAL;C:\Program Files\Intel\Intel(R) Management Engine Components\DAL;C:\Users\Rabbit\Anaconda3\Scripts;C:\Users\Rabbit\Anaconda3;C:\Users\Rabbit\AppData\Local\Yarn\bin;C:\Users\Rabbit\AppData\Roaming\npm;C:\Users\Rabbit\geek\mingw\mingw32\bin;C:\Program Files\MATLAB\R2017a\runtime\win64;C:\Program Files\MATLAB\R2017a\bin;C:\Users\Rabbit\geek\flutter\bin;C:\Users\Rabbit\geek\depot_tools\;C:\Program Files\nodejs\node_modules\npm\node_modules\npm-lifecycle\node-gyp-bin;C:\Users\Rabbit\AppData\Roaming\npm\node_modules\windows-build-tools\node_modules\.bin;C:\Users\Rabbit\AppData\Roaming\npm\node_modules\.bin;C:\Windows\system32;C:\Windows;C:\Windows\System32\Wbem;C:\Windows\System32\WindowsPowerShell\v1.0\;C:\Windows\System32\OpenSSH\;C:\Program Files\Intel\WiFi\bin\;C:\Program Files\Common Files\Intel\WirelessCommon\;C:\Program Files (x86)\NVIDIA Corporation\PhysX\Common;C:\Program Files\NVIDIA Corporation\NVIDIA NvDLISR;C:\Windows\system32;C:\Windows;C:\Windows\System32\Wbem;C:\Windows\System32\WindowsPowerShell\v1.0\;C:\Windows\System32\OpenSSH\;C:\Program Files\nodejs\;C:\Program Files\Git\cmd;C:\Program Files (x86)\Intel\Intel(R) Management Engine Components\DAL;C:\Program Files\Intel\Intel(R) Management Engine Components\DAL;C:\Users\Rabbit\Anaconda3\Scripts;C:\Users\Rabbit\Anaconda3;C:\Users\Rabbit\AppData\Local\Yarn\bin;C:\Users\Rabbit\AppData\Roaming\npm;C:\Users\Rabbit\geek\mingw\mingw32\bin;C:\Program Files\MySQL\MySQL Shell 8.0\bin\;C:\Users\Rabbit\AppData\Local\Programs\Microsoft VS Code\bin;C:\Users\Rabbit\.windows-build-tools\python27\;C:\Users\Rabbit\AppData\Local\Android\Sdk\platform-tools;C:\Program Files (x86)\Java\jdk1.8.0_211\bin;

Yarn version: 
  1.16.0

Node version: 
  10.15.3

Platform: 
  win32 x64

Trace: 
  Error: EPERM: operation not permitted, copyfile 'C:\Users\Rabbit\AppData\Local\Yarn\Cache\v4\npm-@tensorflow-tfjs-layers-0.8.5-40808ae9c9cc692ab07020d314822ae92860ee1d\node_modules\@tensorflow\tfjs-layers\dist\tf-layers.esm.js.map' -> 'C:\Users\Rabbit\bingyan\examination-monitor\node_modules\@tensorflow\tfjs-layers\dist\tf-layers.esm.js.map'

npm manifest: 
  {
    "name": "examination-monitor",
    "version": "1.0.0",
    "main": "index.js",
    "license": "MIT",
    "devDependencies": {
      "@babel/core": "^7.0.0-0",
      "@babel/plugin-proposal-class-properties": "^7.5.5",
      "@babel/plugin-transform-runtime": "^7.5.5",
      "@babel/runtime": "^7.5.5"
    },
    "dependencies": {
      "@tensorflow/tfjs": "^1.2.8",
      "face-api.js": "^0.20.1",
      "tfjs-yolo-tiny": "^1.0.1"
    }
  }

yarn manifest: 
  No manifest

Lockfile: 
  # THIS IS AN AUTOGENERATED FILE. DO NOT EDIT THIS FILE DIRECTLY.
  # yarn lockfile v1
  
  
  "@babel/code-frame@^7.0.0", "@babel/code-frame@^7.5.5":
    version "7.5.5"
    resolved "https://registry.yarnpkg.com/@babel/code-frame/-/code-frame-7.5.5.tgz#bc0782f6d69f7b7d49531219699b988f669a8f9d"
    integrity sha512-27d4lZoomVyo51VegxI20xZPuSHusqbQag/ztrBC7wegWoQ1nLREPVSKSW8byhTlzTKyNE4ifaTA6lCp7JjpFw==
    dependencies:
      "@babel/highlight" "^7.0.0"
  
  "@babel/core@^7.0.0-0":
    version "7.5.5"
    resolved "https://registry.yarnpkg.com/@babel/core/-/core-7.5.5.tgz#17b2686ef0d6bc58f963dddd68ab669755582c30"
    integrity sha512-i4qoSr2KTtce0DmkuuQBV4AuQgGPUcPXMr9L5MyYAtk06z068lQ10a4O009fe5OB/DfNV+h+qqT7ddNV8UnRjg==
    dependencies:
      "@babel/code-frame" "^7.5.5"
      "@babel/generator" "^7.5.5"
      "@babel/helpers" "^7.5.5"
      "@babel/parser" "^7.5.5"
      "@babel/template" "^7.4.4"
      "@babel/traverse" "^7.5.5"
      "@babel/types" "^7.5.5"
      convert-source-map "^1.1.0"
      debug "^4.1.0"
      json5 "^2.1.0"
      lodash "^4.17.13"
      resolve "^1.3.2"
      semver "^5.4.1"
      source-map "^0.5.0"
  
  "@babel/generator@^7.5.5":
    version "7.5.5"
    resolved "https://registry.yarnpkg.com/@babel/generator/-/generator-7.5.5.tgz#873a7f936a3c89491b43536d12245b626664e3cf"
    integrity sha512-ETI/4vyTSxTzGnU2c49XHv2zhExkv9JHLTwDAFz85kmcwuShvYG2H08FwgIguQf4JC75CBnXAUM5PqeF4fj0nQ==
    dependencies:
      "@babel/types" "^7.5.5"
      jsesc "^2.5.1"
      lodash "^4.17.13"
      source-map "^0.5.0"
      trim-right "^1.0.1"
  
  "@babel/helper-create-class-features-plugin@^7.5.5":
    version "7.5.5"
    resolved "https://registry.yarnpkg.com/@babel/helper-create-class-features-plugin/-/helper-create-class-features-plugin-7.5.5.tgz#401f302c8ddbc0edd36f7c6b2887d8fa1122e5a4"
    integrity sha512-ZsxkyYiRA7Bg+ZTRpPvB6AbOFKTFFK4LrvTet8lInm0V468MWCaSYJE+I7v2z2r8KNLtYiV+K5kTCnR7dvyZjg==
    dependencies:
      "@babel/helper-function-name" "^7.1.0"
      "@babel/helper-member-expression-to-functions" "^7.5.5"
      "@babel/helper-optimise-call-expression" "^7.0.0"
      "@babel/helper-plugin-utils" "^7.0.0"
      "@babel/helper-replace-supers" "^7.5.5"
      "@babel/helper-split-export-declaration" "^7.4.4"
  
  "@babel/helper-function-name@^7.1.0":
    version "7.1.0"
    resolved "https://registry.yarnpkg.com/@babel/helper-function-name/-/helper-function-name-7.1.0.tgz#a0ceb01685f73355d4360c1247f582bfafc8ff53"
    integrity sha512-A95XEoCpb3TO+KZzJ4S/5uW5fNe26DjBGqf1o9ucyLyCmi1dXq/B3c8iaWTfBk3VvetUxl16e8tIrd5teOCfGw==
    dependencies:
      "@babel/helper-get-function-arity" "^7.0.0"
      "@babel/template" "^7.1.0"
      "@babel/types" "^7.0.0"
  
  "@babel/helper-get-function-arity@^7.0.0":
    version "7.0.0"
    resolved "https://registry.yarnpkg.com/@babel/helper-get-function-arity/-/helper-get-function-arity-7.0.0.tgz#83572d4320e2a4657263734113c42868b64e49c3"
    integrity sha512-r2DbJeg4svYvt3HOS74U4eWKsUAMRH01Z1ds1zx8KNTPtpTL5JAsdFv8BNyOpVqdFhHkkRDIg5B4AsxmkjAlmQ==
    dependencies:
      "@babel/types" "^7.0.0"
  
  "@babel/helper-member-expression-to-functions@^7.5.5":
    version "7.5.5"
    resolved "https://registry.yarnpkg.com/@babel/helper-member-expression-to-functions/-/helper-member-expression-to-functions-7.5.5.tgz#1fb5b8ec4453a93c439ee9fe3aeea4a84b76b590"
    integrity sha512-5qZ3D1uMclSNqYcXqiHoA0meVdv+xUEex9em2fqMnrk/scphGlGgg66zjMrPJESPwrFJ6sbfFQYUSa0Mz7FabA==
    dependencies:
      "@babel/types" "^7.5.5"
  
  "@babel/helper-module-imports@^7.0.0":
    version "7.0.0"
    resolved "https://registry.yarnpkg.com/@babel/helper-module-imports/-/helper-module-imports-7.0.0.tgz#96081b7111e486da4d2cd971ad1a4fe216cc2e3d"
    integrity sha512-aP/hlLq01DWNEiDg4Jn23i+CXxW/owM4WpDLFUbpjxe4NS3BhLVZQ5i7E0ZrxuQ/vwekIeciyamgB1UIYxxM6A==
    dependencies:
      "@babel/types" "^7.0.0"
  
  "@babel/helper-optimise-call-expression@^7.0.0":
    version "7.0.0"
    resolved "https://registry.yarnpkg.com/@babel/helper-optimise-call-expression/-/helper-optimise-call-expression-7.0.0.tgz#a2920c5702b073c15de51106200aa8cad20497d5"
    integrity sha512-u8nd9NQePYNQV8iPWu/pLLYBqZBa4ZaY1YWRFMuxrid94wKI1QNt67NEZ7GAe5Kc/0LLScbim05xZFWkAdrj9g==
    dependencies:
      "@babel/types" "^7.0.0"
  
  "@babel/helper-plugin-utils@^7.0.0":
    version "7.0.0"
    resolved "https://registry.yarnpkg.com/@babel/helper-plugin-utils/-/helper-plugin-utils-7.0.0.tgz#bbb3fbee98661c569034237cc03967ba99b4f250"
    integrity sha512-CYAOUCARwExnEixLdB6sDm2dIJ/YgEAKDM1MOeMeZu9Ld/bDgVo8aiWrXwcY7OBh+1Ea2uUcVRcxKk0GJvW7QA==
  
  "@babel/helper-replace-supers@^7.5.5":
    version "7.5.5"
    resolved "https://registry.yarnpkg.com/@babel/helper-replace-supers/-/helper-replace-supers-7.5.5.tgz#f84ce43df031222d2bad068d2626cb5799c34bc2"
    integrity sha512-XvRFWrNnlsow2u7jXDuH4jDDctkxbS7gXssrP4q2nUD606ukXHRvydj346wmNg+zAgpFx4MWf4+usfC93bElJg==
    dependencies:
      "@babel/helper-member-expression-to-functions" "^7.5.5"
      "@babel/helper-optimise-call-expression" "^7.0.0"
      "@babel/traverse" "^7.5.5"
      "@babel/types" "^7.5.5"
  
  "@babel/helper-split-export-declaration@^7.4.4":
    version "7.4.4"
    resolved "https://registry.yarnpkg.com/@babel/helper-split-export-declaration/-/helper-split-export-declaration-7.4.4.tgz#ff94894a340be78f53f06af038b205c49d993677"
    integrity sha512-Ro/XkzLf3JFITkW6b+hNxzZ1n5OQ80NvIUdmHspih1XAhtN3vPTuUFT4eQnela+2MaZ5ulH+iyP513KJrxbN7Q==
    dependencies:
      "@babel/types" "^7.4.4"
  
  "@babel/helpers@^7.5.5":
    version "7.5.5"
    resolved "https://registry.yarnpkg.com/@babel/helpers/-/helpers-7.5.5.tgz#63908d2a73942229d1e6685bc2a0e730dde3b75e"
    integrity sha512-nRq2BUhxZFnfEn/ciJuhklHvFOqjJUD5wpx+1bxUF2axL9C+v4DE/dmp5sT2dKnpOs4orZWzpAZqlCy8QqE/7g==
    dependencies:
      "@babel/template" "^7.4.4"
      "@babel/traverse" "^7.5.5"
      "@babel/types" "^7.5.5"
  
  "@babel/highlight@^7.0.0":
    version "7.5.0"
    resolved "https://registry.yarnpkg.com/@babel/highlight/-/highlight-7.5.0.tgz#56d11312bd9248fa619591d02472be6e8cb32540"
    integrity sha512-7dV4eu9gBxoM0dAnj/BCFDW9LFU0zvTrkq0ugM7pnHEgguOEeOz1so2ZghEdzviYzQEED0r4EAgpsBChKy1TRQ==
    dependencies:
      chalk "^2.0.0"
      esutils "^2.0.2"
      js-tokens "^4.0.0"
  
  "@babel/parser@^7.4.4", "@babel/parser@^7.5.5":
    version "7.5.5"
    resolved "https://registry.yarnpkg.com/@babel/parser/-/parser-7.5.5.tgz#02f077ac8817d3df4a832ef59de67565e71cca4b"
    integrity sha512-E5BN68cqR7dhKan1SfqgPGhQ178bkVKpXTPEXnFJBrEt8/DKRZlybmy+IgYLTeN7tp1R5Ccmbm2rBk17sHYU3g==
  
  "@babel/plugin-proposal-class-properties@^7.5.5":
    version "7.5.5"
    resolved "https://registry.yarnpkg.com/@babel/plugin-proposal-class-properties/-/plugin-proposal-class-properties-7.5.5.tgz#a974cfae1e37c3110e71f3c6a2e48b8e71958cd4"
    integrity sha512-AF79FsnWFxjlaosgdi421vmYG6/jg79bVD0dpD44QdgobzHKuLZ6S3vl8la9qIeSwGi8i1fS0O1mfuDAAdo1/A==
    dependencies:
      "@babel/helper-create-class-features-plugin" "^7.5.5"
      "@babel/helper-plugin-utils" "^7.0.0"
  
  "@babel/plugin-transform-runtime@^7.5.5":
    version "7.5.5"
    resolved "https://registry.yarnpkg.com/@babel/plugin-transform-runtime/-/plugin-transform-runtime-7.5.5.tgz#a6331afbfc59189d2135b2e09474457a8e3d28bc"
    integrity sha512-6Xmeidsun5rkwnGfMOp6/z9nSzWpHFNVr2Jx7kwoq4mVatQfQx5S56drBgEHF+XQbKOdIaOiMIINvp/kAwMN+w==
    dependencies:
      "@babel/helper-module-imports" "^7.0.0"
      "@babel/helper-plugin-utils" "^7.0.0"
      resolve "^1.8.1"
      semver "^5.5.1"
  
  "@babel/runtime@^7.5.5":
    version "7.5.5"
    resolved "https://registry.yarnpkg.com/@babel/runtime/-/runtime-7.5.5.tgz#74fba56d35efbeca444091c7850ccd494fd2f132"
    integrity sha512-28QvEGyQyNkB0/m2B4FU7IEZGK2NUrcMtT6BZEFALTguLk+AUT6ofsHtPk5QyjAdUkpMJ+/Em+quwz4HOt30AQ==
    dependencies:
      regenerator-runtime "^0.13.2"
  
  "@babel/template@^7.1.0", "@babel/template@^7.4.4":
    version "7.4.4"
    resolved "https://registry.yarnpkg.com/@babel/template/-/template-7.4.4.tgz#f4b88d1225689a08f5bc3a17483545be9e4ed237"
    integrity sha512-CiGzLN9KgAvgZsnivND7rkA+AeJ9JB0ciPOD4U59GKbQP2iQl+olF1l76kJOupqidozfZ32ghwBEJDhnk9MEcw==
    dependencies:
      "@babel/code-frame" "^7.0.0"
      "@babel/parser" "^7.4.4"
      "@babel/types" "^7.4.4"
  
  "@babel/traverse@^7.5.5":
    version "7.5.5"
    resolved "https://registry.yarnpkg.com/@babel/traverse/-/traverse-7.5.5.tgz#f664f8f368ed32988cd648da9f72d5ca70f165bb"
    integrity sha512-MqB0782whsfffYfSjH4TM+LMjrJnhCNEDMDIjeTpl+ASaUvxcjoiVCo/sM1GhS1pHOXYfWVCYneLjMckuUxDaQ==
    dependencies:
      "@babel/code-frame" "^7.5.5"
      "@babel/generator" "^7.5.5"
      "@babel/helper-function-name" "^7.1.0"
      "@babel/helper-split-export-declaration" "^7.4.4"
      "@babel/parser" "^7.5.5"
      "@babel/types" "^7.5.5"
      debug "^4.1.0"
      globals "^11.1.0"
      lodash "^4.17.13"
  
  "@babel/types@^7.0.0", "@babel/types@^7.4.4", "@babel/types@^7.5.5":
    version "7.5.5"
    resolved "https://registry.yarnpkg.com/@babel/types/-/types-7.5.5.tgz#97b9f728e182785909aa4ab56264f090a028d18a"
    integrity sha512-s63F9nJioLqOlW3UkyMd+BYhXt44YuaFm/VV0VwuteqjYwRrObkU7ra9pY4wAJR3oXi8hJrMcrcJdO/HH33vtw==
    dependencies:
      esutils "^2.0.2"
      lodash "^4.17.13"
      to-fast-properties "^2.0.0"
  
  "@tensorflow/tfjs-converter@1.2.8":
    version "1.2.8"
    resolved "https://registry.yarnpkg.com/@tensorflow/tfjs-converter/-/tfjs-converter-1.2.8.tgz#86fa47be3e92a90d4191956f08015a17b93c3ef9"
    integrity sha512-weHzkNRVgnY9TcbA3XTneNgCyuIXLjF8ks8YbFA+81i2w6qO90xiAdWtP2YmR+F9K9S4WR3bSSB0AQKZAp+mPQ==
  
  "@tensorflow/tfjs-core@1.2.2":
    version "1.2.2"
    resolved "https://registry.yarnpkg.com/@tensorflow/tfjs-core/-/tfjs-core-1.2.2.tgz#2efa89e323612a26aeccee9b3ae9f5ac5a635bbe"
    integrity sha512-2hCHMKjh3UNpLEjbAEaurrTGJyj/KpLtMSAraWgHA1vGY0kmk50BBSbgCDmXWUVm7lyh/SkCq4/GrGDZktEs3g==
    dependencies:
      "@types/offscreencanvas" "~2019.3.0"
      "@types/seedrandom" "2.4.27"
      "@types/webgl-ext" "0.0.30"
      "@types/webgl2" "0.0.4"
      node-fetch "~2.1.2"
      seedrandom "2.4.3"
    optionalDependencies:
      rollup-plugin-visualizer "~1.1.1"
  
  "@tensorflow/tfjs-core@1.2.8", "@tensorflow/tfjs-core@^1.2.2":
    version "1.2.8"
    resolved "https://registry.yarnpkg.com/@tensorflow/tfjs-core/-/tfjs-core-1.2.8.tgz#d6873b88522f8cf25d34c10afd095866578d7d92"
    integrity sha512-lWV4vAnXAAmahXpCWBwdGGW9HO6iNw9pUeVYih7pDXeJahMk3OJs6SgjRNhwn+ldsGwRoorR0/RHg0yNLmqWxQ==
    dependencies:
      "@types/offscreencanvas" "~2019.3.0"
      "@types/seedrandom" "2.4.27"
      "@types/webgl-ext" "0.0.30"
      "@types/webgl2" "0.0.4"
      node-fetch "~2.1.2"
      seedrandom "2.4.3"
  
  "@tensorflow/tfjs-data@1.2.8":
    version "1.2.8"
    resolved "https://registry.yarnpkg.com/@tensorflow/tfjs-data/-/tfjs-data-1.2.8.tgz#04325ad01167b0168ca8e34e85bc6a475aa5e8a0"
    integrity sha512-KUJy55mRx33OodlDKy6Emt2vvV9EadumZ6JzbtZCf1ADK5ddRpRLhCrEmGauCk+Ay1Zj+p6MYx6CLYqhJsENFQ==
    dependencies:
      "@types/node-fetch" "^2.1.2"
      node-fetch "~2.1.2"
  
  "@tensorflow/tfjs-layers@1.2.8":
    version "1.2.8"
    resolved "https://registry.yarnpkg.com/@tensorflow/tfjs-layers/-/tfjs-layers-1.2.8.tgz#6d696dcfa530708b1fdb0cd7614a0d2a1c8ae58a"
    integrity sha512-NMcA44U0rvVpo/VUTMpqkBP3jbvNhRXV7K8KovLi/WZ9FG/u5XIbIqFkcT3QXBDUyjDUNFToYQM/59dtnaut9Q==
  
  "@tensorflow/tfjs@^1.2.8":
    version "1.2.8"
    resolved "https://registry.yarnpkg.com/@tensorflow/tfjs/-/tfjs-1.2.8.tgz#441b78294f1e2f7174c5773f82424b8d963f0f60"
    integrity sha512-pNgLMWNpzWn8AIaTV+1MOjg0a99IBgGjDLLhgDBJ6m6/mzfDdFv2TxcYtF0kdF4asSd4cHaupuELeOzSF2coFw==
    dependencies:
      "@tensorflow/tfjs-converter" "1.2.8"
      "@tensorflow/tfjs-core" "1.2.8"
      "@tensorflow/tfjs-data" "1.2.8"
      "@tensorflow/tfjs-layers" "1.2.8"
  
  "@types/node-fetch@^2.1.2":
    version "2.5.0"
    resolved "https://registry.yarnpkg.com/@types/node-fetch/-/node-fetch-2.5.0.tgz#1c55616a4591bdd15a389fbd0da4a55b9502add5"
    integrity sha512-TLFRywthBgL68auWj+ziWu+vnmmcHCDFC/sqCOQf1xTz4hRq8cu79z8CtHU9lncExGBsB8fXA4TiLDLt6xvMzw==
    dependencies:
      "@types/node" "*"
  
  "@types/node@*":
    version "12.7.2"
    resolved "https://registry.yarnpkg.com/@types/node/-/node-12.7.2.tgz#c4e63af5e8823ce9cc3f0b34f7b998c2171f0c44"
    integrity sha512-dyYO+f6ihZEtNPDcWNR1fkoTDf3zAK3lAABDze3mz6POyIercH0lEUawUFXlG8xaQZmm1yEBON/4TsYv/laDYg==
  
  "@types/offscreencanvas@~2019.3.0":
    version "2019.3.0"
    resolved "https://registry.yarnpkg.com/@types/offscreencanvas/-/offscreencanvas-2019.3.0.tgz#3336428ec7e9180cf4566dfea5da04eb586a6553"
    integrity sha512-esIJx9bQg+QYF0ra8GnvfianIY8qWB0GBx54PK5Eps6m+xTj86KLavHv6qDhzKcu5UUOgNfJ2pWaIIV7TRUd9Q==
  
  "@types/seedrandom@2.4.27":
    version "2.4.27"
    resolved "https://registry.yarnpkg.com/@types/seedrandom/-/seedrandom-2.4.27.tgz#9db563937dd86915f69092bc43259d2f48578e41"
    integrity sha1-nbVjk33YaRX2kJK8QyWdL0hXjkE=
  
  "@types/webgl-ext@0.0.30":
    version "0.0.30"
    resolved "https://registry.yarnpkg.com/@types/webgl-ext/-/webgl-ext-0.0.30.tgz#0ce498c16a41a23d15289e0b844d945b25f0fb9d"
    integrity sha512-LKVgNmBxN0BbljJrVUwkxwRYqzsAEPcZOe6S2T6ZaBDIrFp0qu4FNlpc5sM1tGbXUYFgdVQIoeLk1Y1UoblyEg==
  
  "@types/webgl2@0.0.4":
    version "0.0.4"
    resolved "https://registry.yarnpkg.com/@types/webgl2/-/webgl2-0.0.4.tgz#c3b0f9d6b465c66138e84e64cb3bdf8373c2c279"
    integrity sha512-PACt1xdErJbMUOUweSrbVM7gSIYm1vTncW2hF6Os/EeWi6TXYAYMPp+8v6rzHmypE5gHrxaxZNXgMkJVIdZpHw==
  
  ansi-styles@^3.2.1:
    version "3.2.1"
    resolved "https://registry.yarnpkg.com/ansi-styles/-/ansi-styles-3.2.1.tgz#41fbb20243e50b12be0f04b8dedbf07520ce841d"
    integrity sha512-VT0ZI6kZRdTh8YyJw3SMbYm/u+NqfsAxEpWO0Pf9sq8/e94WxxOpPKx9FR1FlyCtOVDNOQ+8ntlqFxiRc+r5qA==
    dependencies:
      color-convert "^1.9.0"
  
  chalk@^2.0.0:
    version "2.4.2"
    resolved "https://registry.yarnpkg.com/chalk/-/chalk-2.4.2.tgz#cd42541677a54333cf541a49108c1432b44c9424"
    integrity sha512-Mti+f9lpJNcwF4tWV8/OrTTtF1gZi+f8FqlyAdouralcFWFQWF2+NgCHShjkCb+IFBLq9buZwE1xckQU4peSuQ==
    dependencies:
      ansi-styles "^3.2.1"
      escape-string-regexp "^1.0.5"
      supports-color "^5.3.0"
  
  color-convert@^1.9.0:
    version "1.9.3"
    resolved "https://registry.yarnpkg.com/color-convert/-/color-convert-1.9.3.tgz#bb71850690e1f136567de629d2d5471deda4c1e8"
    integrity sha512-QfAUtd+vFdAtFQcC8CCyYt1fYWxSqAiK2cSD6zDB8N3cpsEBAvRxp9zOGg6G/SHHJYAT88/az/IuDGALsNVbGg==
    dependencies:
      color-name "1.1.3"
  
  color-name@1.1.3:
    version "1.1.3"
    resolved "https://registry.yarnpkg.com/color-name/-/color-name-1.1.3.tgz#a7d0558bd89c42f795dd42328f740831ca53bc25"
    integrity sha1-p9BVi9icQveV3UIyj3QIMcpTvCU=
  
  convert-source-map@^1.1.0:
    version "1.6.0"
    resolved "https://registry.yarnpkg.com/convert-source-map/-/convert-source-map-1.6.0.tgz#51b537a8c43e0f04dec1993bffcdd504e758ac20"
    integrity sha512-eFu7XigvxdZ1ETfbgPBohgyQ/Z++C0eEhTor0qRwBw9unw+L0/6V8wkSuGgzdThkiS5lSpdptOQPD8Ak40a+7A==
    dependencies:
      safe-buffer "~5.1.1"
  
  debug@^4.1.0:
    version "4.1.1"
    resolved "https://registry.yarnpkg.com/debug/-/debug-4.1.1.tgz#3b72260255109c6b589cee050f1d516139664791"
    integrity sha512-pYAIzeRo8J6KPEaJ0VWOh5Pzkbw/RetuzehGM7QRRX5he4fPHx2rdKMB256ehJCkX+XRQm16eZLqLNS8RSZXZw==
    dependencies:
      ms "^2.1.1"
  
  escape-string-regexp@^1.0.5:
    version "1.0.5"
    resolved "https://registry.yarnpkg.com/escape-string-regexp/-/escape-string-regexp-1.0.5.tgz#1b61c0562190a8dff6ae3bb2cf0200ca130b86d4"
    integrity sha1-G2HAViGQqN/2rjuyzwIAyhMLhtQ=
  
  esutils@^2.0.2:
    version "2.0.3"
    resolved "https://registry.yarnpkg.com/esutils/-/esutils-2.0.3.tgz#74d2eb4de0b8da1293711910d50775b9b710ef64"
    integrity sha512-kVscqXk4OCp68SZ0dkgEKVi6/8ij300KBWTJq32P/dYeWTSwK41WyTxalN1eRmA5Z9UU/LX9D7FWSmV9SAYx6g==
  
  face-api.js@^0.20.1:
    version "0.20.1"
    resolved "https://registry.yarnpkg.com/face-api.js/-/face-api.js-0.20.1.tgz#b3ddd0836fe86c5517f695b694d6c6f659e27965"
    integrity sha512-ROpDlwdhnKphZFLDNEBFjgbQAVQBVIZbk3LjuxcWhIueoaZxz8cYuSYd650GT+v0GN1ZgSSB0W3xkywputhO0Q==
    dependencies:
      "@tensorflow/tfjs-core" "1.2.2"
      tfjs-image-recognition-base "^0.6.1"
      tslib "^1.10.0"
  
  globals@^11.1.0:
    version "11.12.0"
    resolved "https://registry.yarnpkg.com/globals/-/globals-11.12.0.tgz#ab8795338868a0babd8525758018c2a7eb95c42e"
    integrity sha512-WOBp/EEGUiIsJSp7wcv/y6MO+lV9UoncWqxuFfm8eBwzWNgyfBd6Gz+IeKQ9jCmyhoH99g15M3T+QaVHFjizVA==
  
  has-flag@^3.0.0:
    version "3.0.0"
    resolved "https://registry.yarnpkg.com/has-flag/-/has-flag-3.0.0.tgz#b5d454dc2199ae225699f3467e5a07f3b955bafd"
    integrity sha1-tdRU3CGZriJWmfNGfloH87lVuv0=
  
  is-wsl@^1.1.0:
    version "1.1.0"
    resolved "https://registry.yarnpkg.com/is-wsl/-/is-wsl-1.1.0.tgz#1f16e4aa22b04d1336b66188a66af3c600c3a66d"
    integrity sha1-HxbkqiKwTRM2tmGIpmrzxgDDpm0=
  
  js-tokens@^4.0.0:
    version "4.0.0"
    resolved "https://registry.yarnpkg.com/js-tokens/-/js-tokens-4.0.0.tgz#19203fb59991df98e3a287050d4647cdeaf32499"
    integrity sha512-RdJUflcE3cUzKiMqQgsCu06FPu9UdIJO0beYbPhHN4k6apgJtifcoCtT9bcxOpYBtpD2kCM6Sbzg4CausW/PKQ==
  
  jsesc@^2.5.1:
    version "2.5.2"
    resolved "https://registry.yarnpkg.com/jsesc/-/jsesc-2.5.2.tgz#80564d2e483dacf6e8ef209650a67df3f0c283a4"
    integrity sha512-OYu7XEzjkCQ3C5Ps3QIZsQfNpqoJyZZA99wd9aWd05NCtC5pWOkShK2mkL6HXQR6/Cy2lbNdPlZBpuQHXE63gA==
  
  json5@^2.1.0:
    version "2.1.0"
    resolved "https://registry.yarnpkg.com/json5/-/json5-2.1.0.tgz#e7a0c62c48285c628d20a10b85c89bb807c32850"
    integrity sha512-8Mh9h6xViijj36g7Dxi+Y4S6hNGV96vcJZr/SrlHh1LR/pEn/8j/+qIBbs44YKl69Lrfctp4QD+AdWLTMqEZAQ==
    dependencies:
      minimist "^1.2.0"
  
  lodash@^4.17.13:
    version "4.17.15"
    resolved "https://registry.yarnpkg.com/lodash/-/lodash-4.17.15.tgz#b447f6670a0455bbfeedd11392eff330ea097548"
    integrity sha512-8xOcRHvCjnocdS5cpwXQXVzmmh5e5+saE2QGoeQmbKmRS6J3VQppPOIt0MnmE+4xlZoumy0GPG0D0MVIQbNA1A==
  
  minimist@0.0.8:
    version "0.0.8"
    resolved "https://registry.yarnpkg.com/minimist/-/minimist-0.0.8.tgz#857fcabfc3397d2625b8228262e86aa7a011b05d"
    integrity sha1-hX/Kv8M5fSYluCKCYuhqp6ARsF0=
  
  minimist@^1.2.0:
    version "1.2.0"
    resolved "https://registry.yarnpkg.com/minimist/-/minimist-1.2.0.tgz#a35008b20f41383eec1fb914f4cd5df79a264284"
    integrity sha1-o1AIsg9BOD7sH7kU9M1d95omQoQ=
  
  mkdirp@^0.5.1:
    version "0.5.1"
    resolved "https://registry.yarnpkg.com/mkdirp/-/mkdirp-0.5.1.tgz#30057438eac6cf7f8c4767f38648d6697d75c903"
    integrity sha1-MAV0OOrGz3+MR2fzhkjWaX11yQM=
    dependencies:
      minimist "0.0.8"
  
  ms@^2.1.1:
    version "2.1.2"
    resolved "https://registry.yarnpkg.com/ms/-/ms-2.1.2.tgz#d09d1f357b443f493382a8eb3ccd183872ae6009"
    integrity sha512-sGkPx+VjMtmA6MX27oA4FBFELFCZZ4S4XqeGOXCv68tT+jb3vk/RyaKWP0PTKyWtmLSM0b+adUTEvbs1PEaH2w==
  
  node-fetch@~2.1.2:
    version "2.1.2"
    resolved "https://registry.yarnpkg.com/node-fetch/-/node-fetch-2.1.2.tgz#ab884e8e7e57e38a944753cec706f788d1768bb5"
    integrity sha1-q4hOjn5X44qUR1POxwb3iNF2i7U=
  
  opn@^5.4.0:
    version "5.5.0"
    resolved "https://registry.yarnpkg.com/opn/-/opn-5.5.0.tgz#fc7164fab56d235904c51c3b27da6758ca3b9bfc"
    integrity sha512-PqHpggC9bLV0VeWcdKhkpxY+3JTzetLSqTCWL/z/tFIbI6G8JCjondXklT1JinczLz2Xib62sSp0T/gKT4KksA==
    dependencies:
      is-wsl "^1.1.0"
  
  path-parse@^1.0.6:
    version "1.0.6"
    resolved "https://registry.yarnpkg.com/path-parse/-/path-parse-1.0.6.tgz#d62dbb5679405d72c4737ec58600e9ddcf06d24c"
    integrity sha512-GSmOT2EbHrINBf9SR7CDELwlJ8AENk3Qn7OikK4nFYAu3Ote2+JYNVvkpAEQm3/TLNEJFD/xZJjzyxg3KBWOzw==
  
  regenerator-runtime@^0.13.2:
    version "0.13.3"
    resolved "https://registry.yarnpkg.com/regenerator-runtime/-/regenerator-runtime-0.13.3.tgz#7cf6a77d8f5c6f60eb73c5fc1955b2ceb01e6bf5"
    integrity sha512-naKIZz2GQ8JWh///G7L3X6LaQUAMp2lvb1rvwwsURe/VXwD6VMfr+/1NuNw3ag8v2kY1aQ/go5SNn79O9JU7yw==
  
  resolve@^1.3.2, resolve@^1.8.1:
    version "1.12.0"
    resolved "https://registry.yarnpkg.com/resolve/-/resolve-1.12.0.tgz#3fc644a35c84a48554609ff26ec52b66fa577df6"
    integrity sha512-B/dOmuoAik5bKcD6s6nXDCjzUKnaDvdkRyAk6rsmsKLipWj4797iothd7jmmUhWTfinVMU+wc56rYKsit2Qy4w==
    dependencies:
      path-parse "^1.0.6"
  
  rollup-plugin-visualizer@~1.1.1:
    version "1.1.1"
    resolved "https://registry.yarnpkg.com/rollup-plugin-visualizer/-/rollup-plugin-visualizer-1.1.1.tgz#454ae0aed23845407ebfb81cc52114af308d6d90"
    integrity sha512-7xkSKp+dyJmSC7jg2LXqViaHuOnF1VvIFCnsZEKjrgT5ZVyiLLSbeszxFcQSfNJILphqgAEmWAUz0Z4xYScrRw==
    dependencies:
      mkdirp "^0.5.1"
      opn "^5.4.0"
      source-map "^0.7.3"
      typeface-oswald "0.0.54"
  
  safe-buffer@~5.1.1:
    version "5.1.2"
    resolved "https://registry.yarnpkg.com/safe-buffer/-/safe-buffer-5.1.2.tgz#991ec69d296e0313747d59bdfd2b745c35f8828d"
    integrity sha512-Gd2UZBJDkXlY7GbJxfsE8/nvKkUEU1G38c1siN6QP6a9PT9MmHB8GnpscSmMJSoF8LOIrt8ud/wPtojys4G6+g==
  
  seedrandom@2.4.3:
    version "2.4.3"
    resolved "https://registry.yarnpkg.com/seedrandom/-/seedrandom-2.4.3.tgz#2438504dad33917314bff18ac4d794f16d6aaecc"
    integrity sha1-JDhQTa0zkXMUv/GKxNeU8W1qrsw=
  
  semver@^5.4.1, semver@^5.5.1:
    version "5.7.0"
    resolved "https://registry.yarnpkg.com/semver/-/semver-5.7.0.tgz#790a7cf6fea5459bac96110b29b60412dc8ff96b"
    integrity sha512-Ya52jSX2u7QKghxeoFGpLwCtGlt7j0oY9DYb5apt9nPlJ42ID+ulTXESnt/qAQcoSERyZ5sl3LDIOw0nAn/5DA==
  
  source-map@^0.5.0:
    version "0.5.7"
    resolved "https://registry.yarnpkg.com/source-map/-/source-map-0.5.7.tgz#8a039d2d1021d22d1ea14c80d8ea468ba2ef3fcc"
    integrity sha1-igOdLRAh0i0eoUyA2OpGi6LvP8w=
  
  source-map@^0.7.3:
    version "0.7.3"
    resolved "https://registry.yarnpkg.com/source-map/-/source-map-0.7.3.tgz#5302f8169031735226544092e64981f751750383"
    integrity sha512-CkCj6giN3S+n9qrYiBTX5gystlENnRW5jZeNLHpe6aue+SrHcG5VYwujhW9s4dY31mEGsxBDrHR6oI69fTXsaQ==
  
  supports-color@^5.3.0:
    version "5.5.0"
    resolved "https://registry.yarnpkg.com/supports-color/-/supports-color-5.5.0.tgz#e2e69a44ac8772f78a1ec0b35b689df6530efc8f"
    integrity sha512-QjVjwdXIt408MIiAqCX4oUKsgU2EqAGzs2Ppkm4aQYbjm+ZEWEcW4SfFNTr4uMNZma0ey4f5lgLrkB0aX0QMow==
    dependencies:
      has-flag "^3.0.0"
  
  tfjs-image-recognition-base@^0.6.1:
    version "0.6.1"
    resolved "https://registry.yarnpkg.com/tfjs-image-recognition-base/-/tfjs-image-recognition-base-0.6.1.tgz#179c40b72ba198fbdcce9badbfc5239e892452f3"
    integrity sha512-4ibEGwR2MghHgghqAn6Cg8kbmoB7lxWuANcG3wAsqKSWKRBvJ1iqejUqKwCx7B0UHqxh8XZEl6fdvT4To6o9Cw==
    dependencies:
      "@tensorflow/tfjs-core" "^1.2.2"
      tslib "^1.10.0"
  
  tfjs-yolo-tiny@^1.0.1:
    version "1.0.1"
    resolved "https://registry.yarnpkg.com/tfjs-yolo-tiny/-/tfjs-yolo-tiny-1.0.1.tgz#93ef06f291f9ce3f25af0eea0b440fbe132467c4"
    integrity sha512-w8SqQvET7FfspTeMnKaFyTFU83lPECgb94/52LaFpLSReCh97vyXCMsKNXgE43wX5UfR7ItqkfhIwjYStmAtJA==
  
  to-fast-properties@^2.0.0:
    version "2.0.0"
    resolved "https://registry.yarnpkg.com/to-fast-properties/-/to-fast-properties-2.0.0.tgz#dc5e698cbd079265bc73e0377681a4e4e83f616e"
    integrity sha1-3F5pjL0HkmW8c+A3doGk5Og/YW4=
  
  trim-right@^1.0.1:
    version "1.0.1"
    resolved "https://registry.yarnpkg.com/trim-right/-/trim-right-1.0.1.tgz#cb2e1203067e0c8de1f614094b9fe45704ea6003"
    integrity sha1-yy4SAwZ+DI3h9hQJS5/kVwTqYAM=
  
  tslib@^1.10.0:
    version "1.10.0"
    resolved "https://registry.yarnpkg.com/tslib/-/tslib-1.10.0.tgz#c3c19f95973fb0a62973fb09d90d961ee43e5c8a"
    integrity sha512-qOebF53frne81cf0S9B41ByenJ3/IuH8yJKngAX35CmiZySA0khhkovshKK+jGCaMnVomla7gVlIcc3EvKPbTQ==
  
  typeface-oswald@0.0.54:
    version "0.0.54"
    resolved "https://registry.yarnpkg.com/typeface-oswald/-/typeface-oswald-0.0.54.tgz#1e253011622cdd50f580c04e7d625e7f449763d7"
    integrity sha512-U1WMNp4qfy4/3khIfHMVAIKnNu941MXUfs3+H9R8PFgnoz42Hh9pboSFztWr86zut0eXC8byalmVhfkiKON/8Q==
